[debug] [2021-02-26T12:28:36.058Z] ----------------------------------------------------------------------
[debug] [2021-02-26T12:28:36.060Z] Command:       C:\Program Files\nodejs\node.exe C:\Users\Piyus\AppData\Roaming\npm\node_modules\firebase-tools\lib\bin\firebase.js deploy --only functions --debug
[debug] [2021-02-26T12:28:36.060Z] CLI Version:   9.4.0
[debug] [2021-02-26T12:28:36.060Z] Platform:      win32
[debug] [2021-02-26T12:28:36.060Z] Node Version:  v12.18.3
[debug] [2021-02-26T12:28:36.061Z] Time:          Fri Feb 26 2021 17:58:36 GMT+0530 (India Standard Time)
[debug] [2021-02-26T12:28:36.061Z] ----------------------------------------------------------------------
[debug] [2021-02-26T12:28:36.062Z] 
[debug] [2021-02-26T12:28:36.064Z] >>> [apiv2][query] GET https://firebase-public.firebaseio.com/cli.json [none]
[debug] [2021-02-26T12:28:36.086Z] > command requires scopes: ["email","openid","https://www.googleapis.com/auth/cloudplatformprojects.readonly","https://www.googleapis.com/auth/firebase","https://www.googleapis.com/auth/cloud-platform"]
[debug] [2021-02-26T12:28:36.088Z] > authorizing via signed-in user
[debug] [2021-02-26T12:28:36.088Z] [iam] checking project fir-d374a for permissions ["cloudfunctions.functions.create","cloudfunctions.functions.delete","cloudfunctions.functions.get","cloudfunctions.functions.list","cloudfunctions.functions.update","cloudfunctions.operations.get","firebase.projects.get"]
[debug] [2021-02-26T12:28:36.090Z] > refreshing access token with scopes: ["email","https://www.googleapis.com/auth/cloud-platform","https://www.googleapis.com/auth/cloudplatformprojects.readonly","https://www.googleapis.com/auth/firebase","openid"]
[debug] [2021-02-26T12:28:36.096Z] >>> HTTP REQUEST POST https://www.googleapis.com/oauth2/v3/token  
 <request body omitted>
[debug] [2021-02-26T12:28:36.814Z] <<< HTTP RESPONSE 200 {"date":"Fri, 26 Feb 2021 12:28:37 GMT","expires":"Mon, 01 Jan 1990 00:00:00 GMT","pragma":"no-cache","cache-control":"no-cache, no-store, max-age=0, must-revalidate","content-type":"application/json; charset=utf-8","vary":"X-Origin, Referer, Origin,Accept-Encoding","server":"scaffolding on HTTPServer2","x-xss-protection":"0","x-frame-options":"SAMEORIGIN","x-content-type-options":"nosniff","alt-svc":"h3-29=\":443\"; ma=2592000,h3-T051=\":443\"; ma=2592000,h3-Q050=\":443\"; ma=2592000,h3-Q046=\":443\"; ma=2592000,h3-Q043=\":443\"; ma=2592000,quic=\":443\"; ma=2592000; v=\"46,43\"","accept-ranges":"none","transfer-encoding":"chunked"}
[debug] [2021-02-26T12:28:36.872Z] >>> HTTP REQUEST POST https://cloudresourcemanager.googleapis.com/v1/projects/fir-d374a:testIamPermissions  
 {"permissions":["cloudfunctions.functions.create","cloudfunctions.functions.delete","cloudfunctions.functions.get","cloudfunctions.functions.list","cloudfunctions.functions.update","cloudfunctions.operations.get","firebase.projects.get"]}
[debug] [2021-02-26T12:28:37.624Z] <<< [apiv2][status] GET https://firebase-public.firebaseio.com/cli.json 200
[debug] [2021-02-26T12:28:37.627Z] <<< [apiv2][body] GET https://firebase-public.firebaseio.com/cli.json {"cloudBuildErrorAfter":1594252800000,"cloudBuildWarnAfter":1590019200000,"defaultNode10After":1594252800000,"minVersion":"3.0.5","node8DeploysDisabledAfter":1613390400000,"node8RuntimeDisabledAfter":1615809600000,"node8WarnAfter":1600128000000}
[debug] [2021-02-26T12:28:38.626Z] <<< HTTP RESPONSE 200 {"content-type":"application/json; charset=UTF-8","vary":"X-Origin, Referer, Origin,Accept-Encoding","date":"Fri, 26 Feb 2021 12:28:38 GMT","server":"ESF","cache-control":"private","x-xss-protection":"0","x-frame-options":"SAMEORIGIN","x-content-type-options":"nosniff","server-timing":"gfet4t7; dur=1369","alt-svc":"h3-29=\":443\"; ma=2592000,h3-T051=\":443\"; ma=2592000,h3-Q050=\":443\"; ma=2592000,h3-Q046=\":443\"; ma=2592000,h3-Q043=\":443\"; ma=2592000,quic=\":443\"; ma=2592000; v=\"46,43\"","accept-ranges":"none","transfer-encoding":"chunked"}
[debug] [2021-02-26T12:28:38.679Z] >>> HTTP REQUEST POST https://iam.googleapis.com/v1/projects/fir-d374a/serviceAccounts/fir-d374a@appspot.gserviceaccount.com:testIamPermissions  
 {"permissions":["iam.serviceAccounts.actAs"]}
[debug] [2021-02-26T12:28:40.678Z] <<< HTTP RESPONSE 200 {"content-type":"application/json; charset=UTF-8","vary":"X-Origin, Referer, Origin,Accept-Encoding","date":"Fri, 26 Feb 2021 12:28:40 GMT","server":"ESF","cache-control":"private","x-xss-protection":"0","x-frame-options":"SAMEORIGIN","x-content-type-options":"nosniff","alt-svc":"h3-29=\":443\"; ma=2592000,h3-T051=\":443\"; ma=2592000,h3-Q050=\":443\"; ma=2592000,h3-Q046=\":443\"; ma=2592000,h3-Q043=\":443\"; ma=2592000,quic=\":443\"; ma=2592000; v=\"46,43\"","accept-ranges":"none","transfer-encoding":"chunked"}
[info] 
[info] === Deploying to 'fir-d374a'...
[info] 
[info] i  deploying functions 
[info] Running command: npm --prefix "$RESOURCE_DIR" run lint
[info] +  functions: Finished running predeploy script. 
[info] i  functions: ensuring required API cloudfunctions.googleapis.com is enabled... 
[info] i  functions: ensuring required API cloudbuild.googleapis.com is enabled... 
[debug] [2021-02-26T12:28:50.145Z] >>> HTTP REQUEST GET https://serviceusage.googleapis.com/v1/projects/fir-d374a/services/cloudfunctions.googleapis.com  
 
[debug] [2021-02-26T12:28:50.170Z] >>> HTTP REQUEST GET https://serviceusage.googleapis.com/v1/projects/fir-d374a/services/runtimeconfig.googleapis.com  
 
[debug] [2021-02-26T12:28:50.216Z] >>> HTTP REQUEST GET https://serviceusage.googleapis.com/v1/projects/fir-d374a/services/cloudbuild.googleapis.com  
 
[debug] [2021-02-26T12:28:52.149Z] <<< HTTP RESPONSE 200 {"content-type":"application/json; charset=UTF-8","vary":"X-Origin, Referer, Origin,Accept-Encoding","date":"Fri, 26 Feb 2021 12:28:52 GMT","server":"ESF","cache-control":"private","x-xss-protection":"0","x-frame-options":"SAMEORIGIN","x-content-type-options":"nosniff","alt-svc":"h3-29=\":443\"; ma=2592000,h3-T051=\":443\"; ma=2592000,h3-Q050=\":443\"; ma=2592000,h3-Q046=\":443\"; ma=2592000,h3-Q043=\":443\"; ma=2592000,quic=\":443\"; ma=2592000; v=\"46,43\"","accept-ranges":"none","transfer-encoding":"chunked"}
[debug] [2021-02-26T12:28:52.168Z] <<< HTTP RESPONSE 200 {"content-type":"application/json; charset=UTF-8","vary":"X-Origin, Referer, Origin,Accept-Encoding","date":"Fri, 26 Feb 2021 12:28:52 GMT","server":"ESF","cache-control":"private","x-xss-protection":"0","x-frame-options":"SAMEORIGIN","x-content-type-options":"nosniff","alt-svc":"h3-29=\":443\"; ma=2592000,h3-T051=\":443\"; ma=2592000,h3-Q050=\":443\"; ma=2592000,h3-Q046=\":443\"; ma=2592000,h3-Q043=\":443\"; ma=2592000,quic=\":443\"; ma=2592000; v=\"46,43\"","accept-ranges":"none","transfer-encoding":"chunked"}
[info] +  functions: required API cloudbuild.googleapis.com is enabled 
[debug] [2021-02-26T12:28:52.276Z] <<< HTTP RESPONSE 200 {"content-type":"application/json; charset=UTF-8","vary":"X-Origin, Referer, Origin,Accept-Encoding","date":"Fri, 26 Feb 2021 12:28:52 GMT","server":"ESF","cache-control":"private","x-xss-protection":"0","x-frame-options":"SAMEORIGIN","x-content-type-options":"nosniff","alt-svc":"h3-29=\":443\"; ma=2592000,h3-T051=\":443\"; ma=2592000,h3-Q050=\":443\"; ma=2592000,h3-Q046=\":443\"; ma=2592000,h3-Q043=\":443\"; ma=2592000,quic=\":443\"; ma=2592000; v=\"46,43\"","accept-ranges":"none","transfer-encoding":"chunked"}
[info] +  functions: required API cloudfunctions.googleapis.com is enabled 
[debug] [2021-02-26T12:28:52.279Z] >>> HTTP REQUEST GET https://firebase.googleapis.com/v1beta1/projects/fir-d374a/adminSdkConfig  
 
[debug] [2021-02-26T12:28:53.371Z] <<< HTTP RESPONSE 200 {"content-type":"application/json; charset=UTF-8","vary":"X-Origin, Referer, Origin,Accept-Encoding","date":"Fri, 26 Feb 2021 12:28:53 GMT","server":"ESF","cache-control":"private","x-xss-protection":"0","x-frame-options":"SAMEORIGIN","x-content-type-options":"nosniff","alt-svc":"h3-29=\":443\"; ma=2592000,h3-T051=\":443\"; ma=2592000,h3-Q050=\":443\"; ma=2592000,h3-Q046=\":443\"; ma=2592000,h3-Q043=\":443\"; ma=2592000,quic=\":443\"; ma=2592000; v=\"46,43\"","accept-ranges":"none","transfer-encoding":"chunked"}
[info] i  functions: preparing functions directory for uploading... 
[debug] [2021-02-26T12:28:53.565Z] >>> HTTP REQUEST GET https://runtimeconfig.googleapis.com/v1beta1/projects/fir-d374a/configs  
 
[debug] [2021-02-26T12:28:54.366Z] <<< HTTP RESPONSE 200 {"content-type":"application/json; charset=UTF-8","vary":"X-Origin, Referer, Origin,Accept-Encoding","date":"Fri, 26 Feb 2021 12:28:54 GMT","server":"ESF","cache-control":"private","x-xss-protection":"0","x-frame-options":"SAMEORIGIN","x-content-type-options":"nosniff","alt-svc":"h3-29=\":443\"; ma=2592000,h3-T051=\":443\"; ma=2592000,h3-Q050=\":443\"; ma=2592000,h3-Q046=\":443\"; ma=2592000,h3-Q043=\":443\"; ma=2592000,quic=\":443\"; ma=2592000; v=\"46,43\"","accept-ranges":"none","transfer-encoding":"chunked"}
[debug] [2021-02-26T12:28:54.607Z] > [functions] package.json contents: {
  "name": "functions",
  "description": "Cloud Functions for Firebase",
  "scripts": {
    "lint": "eslint .",
    "serve": "firebase emulators:start --only functions",
    "shell": "firebase functions:shell",
    "start": "npm run shell",
    "deploy": "firebase deploy --only functions",
    "logs": "firebase functions:log"
  },
  "engines": {
    "node": "12"
  },
  "main": "index.js",
  "dependencies": {
    "cors": "^2.8.5",
    "express": "^4.17.1",
    "firebase-admin": "^9.2.0",
    "firebase-functions": "^3.11.0",
    "stripe": "^8.137.0"
  },
  "devDependencies": {
    "eslint": "^7.6.0",
    "eslint-config-google": "^0.14.0",
    "firebase-functions-test": "^0.2.0"
  },
  "private": true
}
[debug] [2021-02-26T12:28:54.635Z] >>> HTTP REQUEST GET https://cloudfunctions.googleapis.com/v1/projects/fir-d374a/locations/-/functions  
 
[debug] [2021-02-26T12:28:55.629Z] <<< HTTP RESPONSE 200 {"content-type":"application/json; charset=UTF-8","vary":"X-Origin, Referer, Origin,Accept-Encoding","date":"Fri, 26 Feb 2021 12:28:55 GMT","server":"ESF","cache-control":"private","x-xss-protection":"0","x-frame-options":"SAMEORIGIN","x-content-type-options":"nosniff","alt-svc":"h3-29=\":443\"; ma=2592000,h3-T051=\":443\"; ma=2592000,h3-Q050=\":443\"; ma=2592000,h3-Q046=\":443\"; ma=2592000,h3-Q043=\":443\"; ma=2592000,quic=\":443\"; ma=2592000; v=\"46,43\"","accept-ranges":"none","transfer-encoding":"chunked"}
[info] 
The following functions are found in your project but do not exist in your local source code:
	api(us-central1)

If you are renaming a function or changing its region, it is recommended that you create the new function first before deleting the old one to prevent event loss. For more info, visit https://firebase.google.com/docs/functions/manage-functions#modify

[debug] [2021-02-26T12:29:38.254Z] ----------------------------------------------------------------------
[debug] [2021-02-26T12:29:38.255Z] Command:       C:\Program Files\nodejs\node.exe C:\Users\Piyus\AppData\Roaming\npm\node_modules\firebase-tools\lib\bin\firebase.js deploy --only functions --debug
[debug] [2021-02-26T12:29:38.255Z] CLI Version:   9.4.0
[debug] [2021-02-26T12:29:38.256Z] Platform:      win32
[debug] [2021-02-26T12:29:38.256Z] Node Version:  v12.18.3
[debug] [2021-02-26T12:29:38.256Z] Time:          Fri Feb 26 2021 17:59:38 GMT+0530 (India Standard Time)
[debug] [2021-02-26T12:29:38.256Z] ----------------------------------------------------------------------
[debug] [2021-02-26T12:29:38.257Z] 
[debug] [2021-02-26T12:29:38.262Z] > command requires scopes: ["email","openid","https://www.googleapis.com/auth/cloudplatformprojects.readonly","https://www.googleapis.com/auth/firebase","https://www.googleapis.com/auth/cloud-platform"]
[debug] [2021-02-26T12:29:38.264Z] > authorizing via signed-in user
[debug] [2021-02-26T12:29:38.264Z] [iam] checking project fir-d374a for permissions ["cloudfunctions.functions.create","cloudfunctions.functions.delete","cloudfunctions.functions.get","cloudfunctions.functions.list","cloudfunctions.functions.update","cloudfunctions.operations.get","firebase.projects.get"]
[debug] [2021-02-26T12:29:38.267Z] >>> HTTP REQUEST POST https://cloudresourcemanager.googleapis.com/v1/projects/fir-d374a:testIamPermissions  
 {"permissions":["cloudfunctions.functions.create","cloudfunctions.functions.delete","cloudfunctions.functions.get","cloudfunctions.functions.list","cloudfunctions.functions.update","cloudfunctions.operations.get","firebase.projects.get"]}
[debug] [2021-02-26T12:29:39.871Z] <<< HTTP RESPONSE 200 {"content-type":"application/json; charset=UTF-8","vary":"X-Origin, Referer, Origin,Accept-Encoding","date":"Fri, 26 Feb 2021 12:29:40 GMT","server":"ESF","cache-control":"private","x-xss-protection":"0","x-frame-options":"SAMEORIGIN","x-content-type-options":"nosniff","server-timing":"gfet4t7; dur=1362","alt-svc":"h3-29=\":443\"; ma=2592000,h3-T051=\":443\"; ma=2592000,h3-Q050=\":443\"; ma=2592000,h3-Q046=\":443\"; ma=2592000,h3-Q043=\":443\"; ma=2592000,quic=\":443\"; ma=2592000; v=\"46,43\"","accept-ranges":"none","transfer-encoding":"chunked"}
[debug] [2021-02-26T12:29:39.879Z] >>> HTTP REQUEST POST https://iam.googleapis.com/v1/projects/fir-d374a/serviceAccounts/fir-d374a@appspot.gserviceaccount.com:testIamPermissions  
 {"permissions":["iam.serviceAccounts.actAs"]}
[debug] [2021-02-26T12:29:41.706Z] <<< HTTP RESPONSE 200 {"content-type":"application/json; charset=UTF-8","vary":"X-Origin, Referer, Origin,Accept-Encoding","date":"Fri, 26 Feb 2021 12:29:41 GMT","server":"ESF","cache-control":"private","x-xss-protection":"0","x-frame-options":"SAMEORIGIN","x-content-type-options":"nosniff","alt-svc":"h3-29=\":443\"; ma=2592000,h3-T051=\":443\"; ma=2592000,h3-Q050=\":443\"; ma=2592000,h3-Q046=\":443\"; ma=2592000,h3-Q043=\":443\"; ma=2592000,quic=\":443\"; ma=2592000; v=\"46,43\"","accept-ranges":"none","transfer-encoding":"chunked"}
[info] 
[info] === Deploying to 'fir-d374a'...
[info] 
[info] i  deploying functions 
[info] Running command: npm --prefix "$RESOURCE_DIR" run lint
[info] +  functions: Finished running predeploy script. 
[info] i  functions: ensuring required API cloudfunctions.googleapis.com is enabled... 
[info] i  functions: ensuring required API cloudbuild.googleapis.com is enabled... 
[debug] [2021-02-26T12:29:47.845Z] >>> HTTP REQUEST GET https://serviceusage.googleapis.com/v1/projects/fir-d374a/services/cloudfunctions.googleapis.com  
 
[debug] [2021-02-26T12:29:47.852Z] >>> HTTP REQUEST GET https://serviceusage.googleapis.com/v1/projects/fir-d374a/services/runtimeconfig.googleapis.com  
 
[debug] [2021-02-26T12:29:47.860Z] >>> HTTP REQUEST GET https://serviceusage.googleapis.com/v1/projects/fir-d374a/services/cloudbuild.googleapis.com  
 
[debug] [2021-02-26T12:29:49.665Z] <<< HTTP RESPONSE 200 {"content-type":"application/json; charset=UTF-8","vary":"X-Origin, Referer, Origin,Accept-Encoding","date":"Fri, 26 Feb 2021 12:29:50 GMT","server":"ESF","cache-control":"private","x-xss-protection":"0","x-frame-options":"SAMEORIGIN","x-content-type-options":"nosniff","alt-svc":"h3-29=\":443\"; ma=2592000,h3-T051=\":443\"; ma=2592000,h3-Q050=\":443\"; ma=2592000,h3-Q046=\":443\"; ma=2592000,h3-Q043=\":443\"; ma=2592000,quic=\":443\"; ma=2592000; v=\"46,43\"","accept-ranges":"none","transfer-encoding":"chunked"}
[info] +  functions: required API cloudbuild.googleapis.com is enabled 
[debug] [2021-02-26T12:29:49.720Z] <<< HTTP RESPONSE 200 {"content-type":"application/json; charset=UTF-8","vary":"X-Origin, Referer, Origin,Accept-Encoding","date":"Fri, 26 Feb 2021 12:29:50 GMT","server":"ESF","cache-control":"private","x-xss-protection":"0","x-frame-options":"SAMEORIGIN","x-content-type-options":"nosniff","alt-svc":"h3-29=\":443\"; ma=2592000,h3-T051=\":443\"; ma=2592000,h3-Q050=\":443\"; ma=2592000,h3-Q046=\":443\"; ma=2592000,h3-Q043=\":443\"; ma=2592000,quic=\":443\"; ma=2592000; v=\"46,43\"","accept-ranges":"none","transfer-encoding":"chunked"}
[info] +  functions: required API cloudfunctions.googleapis.com is enabled 
[debug] [2021-02-26T12:29:49.725Z] <<< HTTP RESPONSE 200 {"content-type":"application/json; charset=UTF-8","vary":"X-Origin, Referer, Origin,Accept-Encoding","date":"Fri, 26 Feb 2021 12:29:50 GMT","server":"ESF","cache-control":"private","x-xss-protection":"0","x-frame-options":"SAMEORIGIN","x-content-type-options":"nosniff","alt-svc":"h3-29=\":443\"; ma=2592000,h3-T051=\":443\"; ma=2592000,h3-Q050=\":443\"; ma=2592000,h3-Q046=\":443\"; ma=2592000,h3-Q043=\":443\"; ma=2592000,quic=\":443\"; ma=2592000; v=\"46,43\"","accept-ranges":"none","transfer-encoding":"chunked"}
[debug] [2021-02-26T12:29:49.809Z] >>> HTTP REQUEST GET https://firebase.googleapis.com/v1beta1/projects/fir-d374a/adminSdkConfig  
 
[debug] [2021-02-26T12:29:50.615Z] <<< HTTP RESPONSE 200 {"content-type":"application/json; charset=UTF-8","vary":"X-Origin, Referer, Origin,Accept-Encoding","date":"Fri, 26 Feb 2021 12:29:51 GMT","server":"ESF","cache-control":"private","x-xss-protection":"0","x-frame-options":"SAMEORIGIN","x-content-type-options":"nosniff","alt-svc":"h3-29=\":443\"; ma=2592000,h3-T051=\":443\"; ma=2592000,h3-Q050=\":443\"; ma=2592000,h3-Q046=\":443\"; ma=2592000,h3-Q043=\":443\"; ma=2592000,quic=\":443\"; ma=2592000; v=\"46,43\"","accept-ranges":"none","transfer-encoding":"chunked"}
[info] i  functions: preparing functions directory for uploading... 
[debug] [2021-02-26T12:29:50.660Z] >>> HTTP REQUEST GET https://runtimeconfig.googleapis.com/v1beta1/projects/fir-d374a/configs  
 
[debug] [2021-02-26T12:29:51.331Z] <<< HTTP RESPONSE 200 {"content-type":"application/json; charset=UTF-8","vary":"X-Origin, Referer, Origin,Accept-Encoding","date":"Fri, 26 Feb 2021 12:29:51 GMT","server":"ESF","cache-control":"private","x-xss-protection":"0","x-frame-options":"SAMEORIGIN","x-content-type-options":"nosniff","alt-svc":"h3-29=\":443\"; ma=2592000,h3-T051=\":443\"; ma=2592000,h3-Q050=\":443\"; ma=2592000,h3-Q046=\":443\"; ma=2592000,h3-Q043=\":443\"; ma=2592000,quic=\":443\"; ma=2592000; v=\"46,43\"","accept-ranges":"none","transfer-encoding":"chunked"}
[info] i  functions: packaged functions (33.52 KB) for uploading 
[debug] [2021-02-26T12:29:51.719Z] > [functions] package.json contents: {
  "name": "functions",
  "description": "Cloud Functions for Firebase",
  "scripts": {
    "lint": "eslint .",
    "serve": "firebase emulators:start --only functions",
    "shell": "firebase functions:shell",
    "start": "npm run shell",
    "deploy": "firebase deploy --only functions",
    "logs": "firebase functions:log"
  },
  "engines": {
    "node": "12"
  },
  "main": "index.js",
  "dependencies": {
    "cors": "^2.8.5",
    "express": "^4.17.1",
    "firebase-admin": "^9.2.0",
    "firebase-functions": "^3.11.0",
    "stripe": "^8.137.0"
  },
  "devDependencies": {
    "eslint": "^7.6.0",
    "eslint-config-google": "^0.14.0",
    "firebase-functions-test": "^0.2.0"
  },
  "private": true
}
[debug] [2021-02-26T12:29:51.978Z] >>> HTTP REQUEST GET https://cloudfunctions.googleapis.com/v1/projects/fir-d374a/locations/-/functions  
 
[debug] [2021-02-26T12:29:56.161Z] <<< HTTP RESPONSE 200 {"content-type":"application/json; charset=UTF-8","vary":"X-Origin, Referer, Origin,Accept-Encoding","date":"Fri, 26 Feb 2021 12:29:56 GMT","server":"ESF","cache-control":"private","x-xss-protection":"0","x-frame-options":"SAMEORIGIN","x-content-type-options":"nosniff","alt-svc":"h3-29=\":443\"; ma=2592000,h3-T051=\":443\"; ma=2592000,h3-Q050=\":443\"; ma=2592000,h3-Q046=\":443\"; ma=2592000,h3-Q043=\":443\"; ma=2592000,quic=\":443\"; ma=2592000; v=\"46,43\"","accept-ranges":"none","transfer-encoding":"chunked"}
[debug] [2021-02-26T12:29:56.164Z] >>> HTTP REQUEST POST https://cloudfunctions.googleapis.com/v1/projects/fir-d374a/locations/us-central1/functions:generateUploadUrl  
 
[debug] [2021-02-26T12:29:58.511Z] <<< HTTP RESPONSE 200 {"content-type":"application/json; charset=UTF-8","vary":"X-Origin, Referer, Origin,Accept-Encoding","date":"Fri, 26 Feb 2021 12:29:57 GMT","server":"ESF","cache-control":"private","x-xss-protection":"0","x-frame-options":"SAMEORIGIN","x-content-type-options":"nosniff","alt-svc":"h3-29=\":443\"; ma=2592000,h3-T051=\":443\"; ma=2592000,h3-Q050=\":443\"; ma=2592000,h3-Q046=\":443\"; ma=2592000,h3-Q043=\":443\"; ma=2592000,quic=\":443\"; ma=2592000; v=\"46,43\"","accept-ranges":"none","transfer-encoding":"chunked"}
[debug] [2021-02-26T12:29:58.516Z] >>> HTTP REQUEST PUT https://storage.googleapis.com/gcf-upload-us-central1-de8829f5-0c05-43c9-88e9-f83fca8a1d40/fb8b4118-bf49-4199-904c-d995555c2c9a.zip?GoogleAccessId=service-500155665736@gcf-admin-robot.iam.gserviceaccount.com&Expires=1614344397&Signature=iB9kFta5%2BmblgmcL%2FSWBMpP16qTQ3hlw%2BPK2bhyi5lpyfPKjUYF%2BVYuLdZZ%2FdeQJ03eNbOzvUz6cUh0nd6rXXJrftoteNaWIde9wPl5OUEmfqV5cis08j7SUZjHFlAQZ%2FmKlhb4s2JE26DTOZ3OrVKWL3gKT7ULxJrgcO6TNsMsiAUPIPIDT47cDAcFdPj1bKQ3T3fPlohN%2FCSIXJ5gCNsCx1lvL8CCRS6d0EZJcPgc6jspXPPZPOAoavBfZYao7aEnZkp9U6lbIOd%2BLZOwO13h%2FqhUuUtMnKfVN0U6V3wtLTBi6CNa2iZd14opnXhoBECZBND6mrx1Q%2Bv087G%2BztQ%3D%3D  
 <request body omitted>
[debug] [2021-02-26T12:29:59.534Z] <<< HTTP RESPONSE 200 {"x-guploader-uploadid":"ABg5-Uxo33znxvUqF6IuTH-lNtR8mJKZr5mIFEWg6shFKdqdF94e7VZzlVYQ-4IIxMimjHVLbpZmVC1WwE4KCI2PbHg","etag":"\"60ab6bf56ec6745edd89dadf3a87b7f0\"","x-goog-generation":"1614342599647886","x-goog-metageneration":"1","x-goog-hash":"crc32c=YbFJLQ==, md5=YKtr9W7GdF7didrfOoe38A==","x-goog-stored-content-length":"34329","x-goog-stored-content-encoding":"identity","vary":"Origin","content-length":"0","date":"Fri, 26 Feb 2021 12:29:59 GMT","server":"UploadServer","content-type":"text/html; charset=UTF-8","alt-svc":"h3-29=\":443\"; ma=2592000,h3-T051=\":443\"; ma=2592000,h3-Q050=\":443\"; ma=2592000,h3-Q046=\":443\"; ma=2592000,h3-Q043=\":443\"; ma=2592000,quic=\":443\"; ma=2592000; v=\"46,43\""}
[info] +  functions: functions folder uploaded successfully 
[info] i  functions: updating Node.js 12 function api(us-central1)... 
[debug] [2021-02-26T12:29:59.657Z] >>> HTTP REQUEST PATCH https://cloudfunctions.googleapis.com/v1/projects/fir-d374a/locations/us-central1/functions/api {"updateMask":"sourceUploadUrl,name,labels,runtime,environmentVariables,httpsTrigger"} 
 {"sourceUploadUrl":"https://storage.googleapis.com/gcf-upload-us-central1-de8829f5-0c05-43c9-88e9-f83fca8a1d40/fb8b4118-bf49-4199-904c-d995555c2c9a.zip?GoogleAccessId=service-500155665736@gcf-admin-robot.iam.gserviceaccount.com&Expires=1614344397&Signature=iB9kFta5%2BmblgmcL%2FSWBMpP16qTQ3hlw%2BPK2bhyi5lpyfPKjUYF%2BVYuLdZZ%2FdeQJ03eNbOzvUz6cUh0nd6rXXJrftoteNaWIde9wPl5OUEmfqV5cis08j7SUZjHFlAQZ%2FmKlhb4s2JE26DTOZ3OrVKWL3gKT7ULxJrgcO6TNsMsiAUPIPIDT47cDAcFdPj1bKQ3T3fPlohN%2FCSIXJ5gCNsCx1lvL8CCRS6d0EZJcPgc6jspXPPZPOAoavBfZYao7aEnZkp9U6lbIOd%2BLZOwO13h%2FqhUuUtMnKfVN0U6V3wtLTBi6CNa2iZd14opnXhoBECZBND6mrx1Q%2Bv087G%2BztQ%3D%3D","name":"projects/fir-d374a/locations/us-central1/functions/api","labels":{"deployment-tool":"cli-firebase"},"httpsTrigger":{},"runtime":"nodejs12","environmentVariables":{"FIREBASE_CONFIG":"{\"projectId\":\"fir-d374a\",\"storageBucket\":\"fir-d374a.appspot.com\",\"locationId\":\"us-central\"}"}}
[debug] [2021-02-26T12:30:01.010Z] <<< HTTP RESPONSE 200 {"content-type":"application/json; charset=UTF-8","vary":"X-Origin, Referer, Origin,Accept-Encoding","date":"Fri, 26 Feb 2021 12:30:01 GMT","server":"ESF","cache-control":"private","x-xss-protection":"0","x-frame-options":"SAMEORIGIN","x-content-type-options":"nosniff","alt-svc":"h3-29=\":443\"; ma=2592000,h3-T051=\":443\"; ma=2592000,h3-Q050=\":443\"; ma=2592000,h3-Q046=\":443\"; ma=2592000,h3-Q043=\":443\"; ma=2592000,quic=\":443\"; ma=2592000; v=\"46,43\"","accept-ranges":"none","transfer-encoding":"chunked"}
[debug] [2021-02-26T12:30:01.072Z] > refreshing access token with scopes: []
[debug] [2021-02-26T12:30:01.074Z] >>> HTTP REQUEST POST https://www.googleapis.com/oauth2/v3/token  
 <request body omitted>
[debug] [2021-02-26T12:30:02.077Z] <<< HTTP RESPONSE 200 {"pragma":"no-cache","cache-control":"no-cache, no-store, max-age=0, must-revalidate","expires":"Mon, 01 Jan 1990 00:00:00 GMT","date":"Fri, 26 Feb 2021 12:30:02 GMT","content-type":"application/json; charset=utf-8","vary":"X-Origin, Referer, Origin,Accept-Encoding","server":"scaffolding on HTTPServer2","x-xss-protection":"0","x-frame-options":"SAMEORIGIN","x-content-type-options":"nosniff","alt-svc":"h3-29=\":443\"; ma=2592000,h3-T051=\":443\"; ma=2592000,h3-Q050=\":443\"; ma=2592000,h3-Q046=\":443\"; ma=2592000,h3-Q043=\":443\"; ma=2592000,quic=\":443\"; ma=2592000; v=\"46,43\"","accept-ranges":"none","transfer-encoding":"chunked"}
[debug] [2021-02-26T12:30:02.113Z] >>> [apiv2][query] GET https://cloudfunctions.googleapis.com/v1/operations/ZmlyLWQzNzRhL3VzLWNlbnRyYWwxL2FwaS9aTHRycUZnM0d4WQ [none]
[debug] [2021-02-26T12:30:03.793Z] <<< [apiv2][status] GET https://cloudfunctions.googleapis.com/v1/operations/ZmlyLWQzNzRhL3VzLWNlbnRyYWwxL2FwaS9aTHRycUZnM0d4WQ 200
[debug] [2021-02-26T12:30:03.802Z] <<< [apiv2][body] GET https://cloudfunctions.googleapis.com/v1/operations/ZmlyLWQzNzRhL3VzLWNlbnRyYWwxL2FwaS9aTHRycUZnM0d4WQ {"name":"operations/ZmlyLWQzNzRhL3VzLWNlbnRyYWwxL2FwaS9aTHRycUZnM0d4WQ","metadata":{"@type":"type.googleapis.com/google.cloud.functions.v1.OperationMetadataV1","target":"projects/fir-d374a/locations/us-central1/functions/api","type":"UPDATE_FUNCTION","request":{"@type":"type.googleapis.com/google.cloud.functions.v1.CloudFunction","name":"projects/fir-d374a/locations/us-central1/functions/api","httpsTrigger":{},"status":"ACTIVE","entryPoint":"api","timeout":"60s","availableMemoryMb":256,"serviceAccountEmail":"fir-d374a@appspot.gserviceaccount.com","updateTime":"2021-02-24T12:25:44.815Z","versionId":"1","labels":{"deployment-tool":"cli-firebase"},"sourceUploadUrl":"https://storage.googleapis.com/gcf-upload-us-central1-de8829f5-0c05-43c9-88e9-f83fca8a1d40/fb8b4118-bf49-4199-904c-d995555c2c9a.zip?GoogleAccessId=service-500155665736@gcf-admin-robot.iam.gserviceaccount.com&Expires=1614344397&Signature=iB9kFta5%2BmblgmcL%2FSWBMpP16qTQ3hlw%2BPK2bhyi5lpyfPKjUYF%2BVYuLdZZ%2FdeQJ03eNbOzvUz6cUh0nd6rXXJrftoteNaWIde9wPl5OUEmfqV5cis08j7SUZjHFlAQZ%2FmKlhb4s2JE26DTOZ3OrVKWL3gKT7ULxJrgcO6TNsMsiAUPIPIDT47cDAcFdPj1bKQ3T3fPlohN%2FCSIXJ5gCNsCx1lvL8CCRS6d0EZJcPgc6jspXPPZPOAoavBfZYao7aEnZkp9U6lbIOd%2BLZOwO13h%2FqhUuUtMnKfVN0U6V3wtLTBi6CNa2iZd14opnXhoBECZBND6mrx1Q%2Bv087G%2BztQ%3D%3D","environmentVariables":{"FIREBASE_CONFIG":"{\"projectId\":\"fir-d374a\",\"storageBucket\":\"fir-d374a.appspot.com\",\"locationId\":\"us-central\"}"},"runtime":"nodejs12","ingressSettings":"ALLOW_ALL","buildId":"0fcd16a6-1785-4bfa-b649-01ec7db46410"},"versionId":"2","updateTime":"2021-02-26T12:30:01Z","buildId":"0eaf54c1-d451-47fb-a434-dc017135e826"}}
[debug] [2021-02-26T12:30:04.524Z] [update-projects/fir-d374a/locations/us-central1/functions/api] Retrying task index 0
[debug] [2021-02-26T12:30:04.526Z] >>> [apiv2][query] GET https://cloudfunctions.googleapis.com/v1/operations/ZmlyLWQzNzRhL3VzLWNlbnRyYWwxL2FwaS9aTHRycUZnM0d4WQ [none]
[debug] [2021-02-26T12:30:05.163Z] <<< [apiv2][status] GET https://cloudfunctions.googleapis.com/v1/operations/ZmlyLWQzNzRhL3VzLWNlbnRyYWwxL2FwaS9aTHRycUZnM0d4WQ 200
[debug] [2021-02-26T12:30:05.177Z] <<< [apiv2][body] GET https://cloudfunctions.googleapis.com/v1/operations/ZmlyLWQzNzRhL3VzLWNlbnRyYWwxL2FwaS9aTHRycUZnM0d4WQ {"name":"operations/ZmlyLWQzNzRhL3VzLWNlbnRyYWwxL2FwaS9aTHRycUZnM0d4WQ","metadata":{"@type":"type.googleapis.com/google.cloud.functions.v1.OperationMetadataV1","target":"projects/fir-d374a/locations/us-central1/functions/api","type":"UPDATE_FUNCTION","request":{"@type":"type.googleapis.com/google.cloud.functions.v1.CloudFunction","name":"projects/fir-d374a/locations/us-central1/functions/api","httpsTrigger":{},"status":"ACTIVE","entryPoint":"api","timeout":"60s","availableMemoryMb":256,"serviceAccountEmail":"fir-d374a@appspot.gserviceaccount.com","updateTime":"2021-02-24T12:25:44.815Z","versionId":"1","labels":{"deployment-tool":"cli-firebase"},"sourceUploadUrl":"https://storage.googleapis.com/gcf-upload-us-central1-de8829f5-0c05-43c9-88e9-f83fca8a1d40/fb8b4118-bf49-4199-904c-d995555c2c9a.zip?GoogleAccessId=service-500155665736@gcf-admin-robot.iam.gserviceaccount.com&Expires=1614344397&Signature=iB9kFta5%2BmblgmcL%2FSWBMpP16qTQ3hlw%2BPK2bhyi5lpyfPKjUYF%2BVYuLdZZ%2FdeQJ03eNbOzvUz6cUh0nd6rXXJrftoteNaWIde9wPl5OUEmfqV5cis08j7SUZjHFlAQZ%2FmKlhb4s2JE26DTOZ3OrVKWL3gKT7ULxJrgcO6TNsMsiAUPIPIDT47cDAcFdPj1bKQ3T3fPlohN%2FCSIXJ5gCNsCx1lvL8CCRS6d0EZJcPgc6jspXPPZPOAoavBfZYao7aEnZkp9U6lbIOd%2BLZOwO13h%2FqhUuUtMnKfVN0U6V3wtLTBi6CNa2iZd14opnXhoBECZBND6mrx1Q%2Bv087G%2BztQ%3D%3D","environmentVariables":{"FIREBASE_CONFIG":"{\"projectId\":\"fir-d374a\",\"storageBucket\":\"fir-d374a.appspot.com\",\"locationId\":\"us-central\"}"},"runtime":"nodejs12","ingressSettings":"ALLOW_ALL","buildId":"0fcd16a6-1785-4bfa-b649-01ec7db46410"},"versionId":"2","updateTime":"2021-02-26T12:30:01Z","buildId":"0eaf54c1-d451-47fb-a434-dc017135e826"}}
[debug] [2021-02-26T12:30:06.255Z] [update-projects/fir-d374a/locations/us-central1/functions/api] Retrying task index 0
[debug] [2021-02-26T12:30:06.258Z] >>> [apiv2][query] GET https://cloudfunctions.googleapis.com/v1/operations/ZmlyLWQzNzRhL3VzLWNlbnRyYWwxL2FwaS9aTHRycUZnM0d4WQ [none]
[debug] [2021-02-26T12:30:06.886Z] <<< [apiv2][status] GET https://cloudfunctions.googleapis.com/v1/operations/ZmlyLWQzNzRhL3VzLWNlbnRyYWwxL2FwaS9aTHRycUZnM0d4WQ 200
[debug] [2021-02-26T12:30:06.907Z] <<< [apiv2][body] GET https://cloudfunctions.googleapis.com/v1/operations/ZmlyLWQzNzRhL3VzLWNlbnRyYWwxL2FwaS9aTHRycUZnM0d4WQ {"name":"operations/ZmlyLWQzNzRhL3VzLWNlbnRyYWwxL2FwaS9aTHRycUZnM0d4WQ","metadata":{"@type":"type.googleapis.com/google.cloud.functions.v1.OperationMetadataV1","target":"projects/fir-d374a/locations/us-central1/functions/api","type":"UPDATE_FUNCTION","request":{"@type":"type.googleapis.com/google.cloud.functions.v1.CloudFunction","name":"projects/fir-d374a/locations/us-central1/functions/api","httpsTrigger":{},"status":"ACTIVE","entryPoint":"api","timeout":"60s","availableMemoryMb":256,"serviceAccountEmail":"fir-d374a@appspot.gserviceaccount.com","updateTime":"2021-02-24T12:25:44.815Z","versionId":"1","labels":{"deployment-tool":"cli-firebase"},"sourceUploadUrl":"https://storage.googleapis.com/gcf-upload-us-central1-de8829f5-0c05-43c9-88e9-f83fca8a1d40/fb8b4118-bf49-4199-904c-d995555c2c9a.zip?GoogleAccessId=service-500155665736@gcf-admin-robot.iam.gserviceaccount.com&Expires=1614344397&Signature=iB9kFta5%2BmblgmcL%2FSWBMpP16qTQ3hlw%2BPK2bhyi5lpyfPKjUYF%2BVYuLdZZ%2FdeQJ03eNbOzvUz6cUh0nd6rXXJrftoteNaWIde9wPl5OUEmfqV5cis08j7SUZjHFlAQZ%2FmKlhb4s2JE26DTOZ3OrVKWL3gKT7ULxJrgcO6TNsMsiAUPIPIDT47cDAcFdPj1bKQ3T3fPlohN%2FCSIXJ5gCNsCx1lvL8CCRS6d0EZJcPgc6jspXPPZPOAoavBfZYao7aEnZkp9U6lbIOd%2BLZOwO13h%2FqhUuUtMnKfVN0U6V3wtLTBi6CNa2iZd14opnXhoBECZBND6mrx1Q%2Bv087G%2BztQ%3D%3D","environmentVariables":{"FIREBASE_CONFIG":"{\"projectId\":\"fir-d374a\",\"storageBucket\":\"fir-d374a.appspot.com\",\"locationId\":\"us-central\"}"},"runtime":"nodejs12","ingressSettings":"ALLOW_ALL","buildId":"0fcd16a6-1785-4bfa-b649-01ec7db46410"},"versionId":"2","updateTime":"2021-02-26T12:30:01Z","buildId":"0eaf54c1-d451-47fb-a434-dc017135e826"}}
[debug] [2021-02-26T12:30:09.137Z] [update-projects/fir-d374a/locations/us-central1/functions/api] Retrying task index 0
[debug] [2021-02-26T12:30:09.139Z] >>> [apiv2][query] GET https://cloudfunctions.googleapis.com/v1/operations/ZmlyLWQzNzRhL3VzLWNlbnRyYWwxL2FwaS9aTHRycUZnM0d4WQ [none]
[debug] [2021-02-26T12:30:09.769Z] <<< [apiv2][status] GET https://cloudfunctions.googleapis.com/v1/operations/ZmlyLWQzNzRhL3VzLWNlbnRyYWwxL2FwaS9aTHRycUZnM0d4WQ 200
[debug] [2021-02-26T12:30:09.771Z] <<< [apiv2][body] GET https://cloudfunctions.googleapis.com/v1/operations/ZmlyLWQzNzRhL3VzLWNlbnRyYWwxL2FwaS9aTHRycUZnM0d4WQ {"name":"operations/ZmlyLWQzNzRhL3VzLWNlbnRyYWwxL2FwaS9aTHRycUZnM0d4WQ","metadata":{"@type":"type.googleapis.com/google.cloud.functions.v1.OperationMetadataV1","target":"projects/fir-d374a/locations/us-central1/functions/api","type":"UPDATE_FUNCTION","request":{"@type":"type.googleapis.com/google.cloud.functions.v1.CloudFunction","name":"projects/fir-d374a/locations/us-central1/functions/api","httpsTrigger":{},"status":"ACTIVE","entryPoint":"api","timeout":"60s","availableMemoryMb":256,"serviceAccountEmail":"fir-d374a@appspot.gserviceaccount.com","updateTime":"2021-02-24T12:25:44.815Z","versionId":"1","labels":{"deployment-tool":"cli-firebase"},"sourceUploadUrl":"https://storage.googleapis.com/gcf-upload-us-central1-de8829f5-0c05-43c9-88e9-f83fca8a1d40/fb8b4118-bf49-4199-904c-d995555c2c9a.zip?GoogleAccessId=service-500155665736@gcf-admin-robot.iam.gserviceaccount.com&Expires=1614344397&Signature=iB9kFta5%2BmblgmcL%2FSWBMpP16qTQ3hlw%2BPK2bhyi5lpyfPKjUYF%2BVYuLdZZ%2FdeQJ03eNbOzvUz6cUh0nd6rXXJrftoteNaWIde9wPl5OUEmfqV5cis08j7SUZjHFlAQZ%2FmKlhb4s2JE26DTOZ3OrVKWL3gKT7ULxJrgcO6TNsMsiAUPIPIDT47cDAcFdPj1bKQ3T3fPlohN%2FCSIXJ5gCNsCx1lvL8CCRS6d0EZJcPgc6jspXPPZPOAoavBfZYao7aEnZkp9U6lbIOd%2BLZOwO13h%2FqhUuUtMnKfVN0U6V3wtLTBi6CNa2iZd14opnXhoBECZBND6mrx1Q%2Bv087G%2BztQ%3D%3D","environmentVariables":{"FIREBASE_CONFIG":"{\"projectId\":\"fir-d374a\",\"storageBucket\":\"fir-d374a.appspot.com\",\"locationId\":\"us-central\"}"},"runtime":"nodejs12","ingressSettings":"ALLOW_ALL","buildId":"0fcd16a6-1785-4bfa-b649-01ec7db46410"},"versionId":"2","updateTime":"2021-02-26T12:30:01Z","buildId":"0eaf54c1-d451-47fb-a434-dc017135e826"}}
[debug] [2021-02-26T12:30:14.004Z] [update-projects/fir-d374a/locations/us-central1/functions/api] Retrying task index 0
[debug] [2021-02-26T12:30:14.006Z] >>> [apiv2][query] GET https://cloudfunctions.googleapis.com/v1/operations/ZmlyLWQzNzRhL3VzLWNlbnRyYWwxL2FwaS9aTHRycUZnM0d4WQ [none]
[debug] [2021-02-26T12:30:14.581Z] <<< [apiv2][status] GET https://cloudfunctions.googleapis.com/v1/operations/ZmlyLWQzNzRhL3VzLWNlbnRyYWwxL2FwaS9aTHRycUZnM0d4WQ 200
[debug] [2021-02-26T12:30:14.582Z] <<< [apiv2][body] GET https://cloudfunctions.googleapis.com/v1/operations/ZmlyLWQzNzRhL3VzLWNlbnRyYWwxL2FwaS9aTHRycUZnM0d4WQ {"name":"operations/ZmlyLWQzNzRhL3VzLWNlbnRyYWwxL2FwaS9aTHRycUZnM0d4WQ","metadata":{"@type":"type.googleapis.com/google.cloud.functions.v1.OperationMetadataV1","target":"projects/fir-d374a/locations/us-central1/functions/api","type":"UPDATE_FUNCTION","request":{"@type":"type.googleapis.com/google.cloud.functions.v1.CloudFunction","name":"projects/fir-d374a/locations/us-central1/functions/api","httpsTrigger":{},"status":"ACTIVE","entryPoint":"api","timeout":"60s","availableMemoryMb":256,"serviceAccountEmail":"fir-d374a@appspot.gserviceaccount.com","updateTime":"2021-02-24T12:25:44.815Z","versionId":"1","labels":{"deployment-tool":"cli-firebase"},"sourceUploadUrl":"https://storage.googleapis.com/gcf-upload-us-central1-de8829f5-0c05-43c9-88e9-f83fca8a1d40/fb8b4118-bf49-4199-904c-d995555c2c9a.zip?GoogleAccessId=service-500155665736@gcf-admin-robot.iam.gserviceaccount.com&Expires=1614344397&Signature=iB9kFta5%2BmblgmcL%2FSWBMpP16qTQ3hlw%2BPK2bhyi5lpyfPKjUYF%2BVYuLdZZ%2FdeQJ03eNbOzvUz6cUh0nd6rXXJrftoteNaWIde9wPl5OUEmfqV5cis08j7SUZjHFlAQZ%2FmKlhb4s2JE26DTOZ3OrVKWL3gKT7ULxJrgcO6TNsMsiAUPIPIDT47cDAcFdPj1bKQ3T3fPlohN%2FCSIXJ5gCNsCx1lvL8CCRS6d0EZJcPgc6jspXPPZPOAoavBfZYao7aEnZkp9U6lbIOd%2BLZOwO13h%2FqhUuUtMnKfVN0U6V3wtLTBi6CNa2iZd14opnXhoBECZBND6mrx1Q%2Bv087G%2BztQ%3D%3D","environmentVariables":{"FIREBASE_CONFIG":"{\"projectId\":\"fir-d374a\",\"storageBucket\":\"fir-d374a.appspot.com\",\"locationId\":\"us-central\"}"},"runtime":"nodejs12","ingressSettings":"ALLOW_ALL","buildId":"0fcd16a6-1785-4bfa-b649-01ec7db46410"},"versionId":"2","updateTime":"2021-02-26T12:30:01Z","buildId":"0eaf54c1-d451-47fb-a434-dc017135e826"}}
[debug] [2021-02-26T12:30:22.887Z] [update-projects/fir-d374a/locations/us-central1/functions/api] Retrying task index 0
[debug] [2021-02-26T12:30:22.889Z] >>> [apiv2][query] GET https://cloudfunctions.googleapis.com/v1/operations/ZmlyLWQzNzRhL3VzLWNlbnRyYWwxL2FwaS9aTHRycUZnM0d4WQ [none]
[debug] [2021-02-26T12:30:23.567Z] <<< [apiv2][status] GET https://cloudfunctions.googleapis.com/v1/operations/ZmlyLWQzNzRhL3VzLWNlbnRyYWwxL2FwaS9aTHRycUZnM0d4WQ 200
[debug] [2021-02-26T12:30:23.568Z] <<< [apiv2][body] GET https://cloudfunctions.googleapis.com/v1/operations/ZmlyLWQzNzRhL3VzLWNlbnRyYWwxL2FwaS9aTHRycUZnM0d4WQ {"name":"operations/ZmlyLWQzNzRhL3VzLWNlbnRyYWwxL2FwaS9aTHRycUZnM0d4WQ","metadata":{"@type":"type.googleapis.com/google.cloud.functions.v1.OperationMetadataV1","target":"projects/fir-d374a/locations/us-central1/functions/api","type":"UPDATE_FUNCTION","request":{"@type":"type.googleapis.com/google.cloud.functions.v1.CloudFunction","name":"projects/fir-d374a/locations/us-central1/functions/api","httpsTrigger":{},"status":"ACTIVE","entryPoint":"api","timeout":"60s","availableMemoryMb":256,"serviceAccountEmail":"fir-d374a@appspot.gserviceaccount.com","updateTime":"2021-02-24T12:25:44.815Z","versionId":"1","labels":{"deployment-tool":"cli-firebase"},"sourceUploadUrl":"https://storage.googleapis.com/gcf-upload-us-central1-de8829f5-0c05-43c9-88e9-f83fca8a1d40/fb8b4118-bf49-4199-904c-d995555c2c9a.zip?GoogleAccessId=service-500155665736@gcf-admin-robot.iam.gserviceaccount.com&Expires=1614344397&Signature=iB9kFta5%2BmblgmcL%2FSWBMpP16qTQ3hlw%2BPK2bhyi5lpyfPKjUYF%2BVYuLdZZ%2FdeQJ03eNbOzvUz6cUh0nd6rXXJrftoteNaWIde9wPl5OUEmfqV5cis08j7SUZjHFlAQZ%2FmKlhb4s2JE26DTOZ3OrVKWL3gKT7ULxJrgcO6TNsMsiAUPIPIDT47cDAcFdPj1bKQ3T3fPlohN%2FCSIXJ5gCNsCx1lvL8CCRS6d0EZJcPgc6jspXPPZPOAoavBfZYao7aEnZkp9U6lbIOd%2BLZOwO13h%2FqhUuUtMnKfVN0U6V3wtLTBi6CNa2iZd14opnXhoBECZBND6mrx1Q%2Bv087G%2BztQ%3D%3D","environmentVariables":{"FIREBASE_CONFIG":"{\"projectId\":\"fir-d374a\",\"storageBucket\":\"fir-d374a.appspot.com\",\"locationId\":\"us-central\"}"},"runtime":"nodejs12","ingressSettings":"ALLOW_ALL","buildId":"0fcd16a6-1785-4bfa-b649-01ec7db46410"},"versionId":"2","updateTime":"2021-02-26T12:30:01Z","buildId":"0eaf54c1-d451-47fb-a434-dc017135e826"}}
[debug] [2021-02-26T12:30:39.779Z] [update-projects/fir-d374a/locations/us-central1/functions/api] Retrying task index 0
[debug] [2021-02-26T12:30:39.781Z] >>> [apiv2][query] GET https://cloudfunctions.googleapis.com/v1/operations/ZmlyLWQzNzRhL3VzLWNlbnRyYWwxL2FwaS9aTHRycUZnM0d4WQ [none]
[debug] [2021-02-26T12:30:40.390Z] <<< [apiv2][status] GET https://cloudfunctions.googleapis.com/v1/operations/ZmlyLWQzNzRhL3VzLWNlbnRyYWwxL2FwaS9aTHRycUZnM0d4WQ 200
[debug] [2021-02-26T12:30:40.392Z] <<< [apiv2][body] GET https://cloudfunctions.googleapis.com/v1/operations/ZmlyLWQzNzRhL3VzLWNlbnRyYWwxL2FwaS9aTHRycUZnM0d4WQ {"name":"operations/ZmlyLWQzNzRhL3VzLWNlbnRyYWwxL2FwaS9aTHRycUZnM0d4WQ","metadata":{"@type":"type.googleapis.com/google.cloud.functions.v1.OperationMetadataV1","target":"projects/fir-d374a/locations/us-central1/functions/api","type":"UPDATE_FUNCTION","request":{"@type":"type.googleapis.com/google.cloud.functions.v1.CloudFunction","name":"projects/fir-d374a/locations/us-central1/functions/api","httpsTrigger":{},"status":"ACTIVE","entryPoint":"api","timeout":"60s","availableMemoryMb":256,"serviceAccountEmail":"fir-d374a@appspot.gserviceaccount.com","updateTime":"2021-02-24T12:25:44.815Z","versionId":"1","labels":{"deployment-tool":"cli-firebase"},"sourceUploadUrl":"https://storage.googleapis.com/gcf-upload-us-central1-de8829f5-0c05-43c9-88e9-f83fca8a1d40/fb8b4118-bf49-4199-904c-d995555c2c9a.zip?GoogleAccessId=service-500155665736@gcf-admin-robot.iam.gserviceaccount.com&Expires=1614344397&Signature=iB9kFta5%2BmblgmcL%2FSWBMpP16qTQ3hlw%2BPK2bhyi5lpyfPKjUYF%2BVYuLdZZ%2FdeQJ03eNbOzvUz6cUh0nd6rXXJrftoteNaWIde9wPl5OUEmfqV5cis08j7SUZjHFlAQZ%2FmKlhb4s2JE26DTOZ3OrVKWL3gKT7ULxJrgcO6TNsMsiAUPIPIDT47cDAcFdPj1bKQ3T3fPlohN%2FCSIXJ5gCNsCx1lvL8CCRS6d0EZJcPgc6jspXPPZPOAoavBfZYao7aEnZkp9U6lbIOd%2BLZOwO13h%2FqhUuUtMnKfVN0U6V3wtLTBi6CNa2iZd14opnXhoBECZBND6mrx1Q%2Bv087G%2BztQ%3D%3D","environmentVariables":{"FIREBASE_CONFIG":"{\"projectId\":\"fir-d374a\",\"storageBucket\":\"fir-d374a.appspot.com\",\"locationId\":\"us-central\"}"},"runtime":"nodejs12","ingressSettings":"ALLOW_ALL","buildId":"0fcd16a6-1785-4bfa-b649-01ec7db46410"},"versionId":"2","updateTime":"2021-02-26T12:30:01Z","buildId":"0eaf54c1-d451-47fb-a434-dc017135e826"}}
[debug] [2021-02-26T12:31:12.677Z] [update-projects/fir-d374a/locations/us-central1/functions/api] Retrying task index 0
[debug] [2021-02-26T12:31:12.679Z] >>> [apiv2][query] GET https://cloudfunctions.googleapis.com/v1/operations/ZmlyLWQzNzRhL3VzLWNlbnRyYWwxL2FwaS9aTHRycUZnM0d4WQ [none]
[debug] [2021-02-26T12:31:13.306Z] <<< [apiv2][status] GET https://cloudfunctions.googleapis.com/v1/operations/ZmlyLWQzNzRhL3VzLWNlbnRyYWwxL2FwaS9aTHRycUZnM0d4WQ 200
[debug] [2021-02-26T12:31:13.307Z] <<< [apiv2][body] GET https://cloudfunctions.googleapis.com/v1/operations/ZmlyLWQzNzRhL3VzLWNlbnRyYWwxL2FwaS9aTHRycUZnM0d4WQ {"name":"operations/ZmlyLWQzNzRhL3VzLWNlbnRyYWwxL2FwaS9aTHRycUZnM0d4WQ","metadata":{"@type":"type.googleapis.com/google.cloud.functions.v1.OperationMetadataV1","target":"projects/fir-d374a/locations/us-central1/functions/api","type":"UPDATE_FUNCTION","request":{"@type":"type.googleapis.com/google.cloud.functions.v1.CloudFunction","name":"projects/fir-d374a/locations/us-central1/functions/api","httpsTrigger":{},"status":"ACTIVE","entryPoint":"api","timeout":"60s","availableMemoryMb":256,"serviceAccountEmail":"fir-d374a@appspot.gserviceaccount.com","updateTime":"2021-02-24T12:25:44.815Z","versionId":"1","labels":{"deployment-tool":"cli-firebase"},"sourceUploadUrl":"https://storage.googleapis.com/gcf-upload-us-central1-de8829f5-0c05-43c9-88e9-f83fca8a1d40/fb8b4118-bf49-4199-904c-d995555c2c9a.zip?GoogleAccessId=service-500155665736@gcf-admin-robot.iam.gserviceaccount.com&Expires=1614344397&Signature=iB9kFta5%2BmblgmcL%2FSWBMpP16qTQ3hlw%2BPK2bhyi5lpyfPKjUYF%2BVYuLdZZ%2FdeQJ03eNbOzvUz6cUh0nd6rXXJrftoteNaWIde9wPl5OUEmfqV5cis08j7SUZjHFlAQZ%2FmKlhb4s2JE26DTOZ3OrVKWL3gKT7ULxJrgcO6TNsMsiAUPIPIDT47cDAcFdPj1bKQ3T3fPlohN%2FCSIXJ5gCNsCx1lvL8CCRS6d0EZJcPgc6jspXPPZPOAoavBfZYao7aEnZkp9U6lbIOd%2BLZOwO13h%2FqhUuUtMnKfVN0U6V3wtLTBi6CNa2iZd14opnXhoBECZBND6mrx1Q%2Bv087G%2BztQ%3D%3D","environmentVariables":{"FIREBASE_CONFIG":"{\"projectId\":\"fir-d374a\",\"storageBucket\":\"fir-d374a.appspot.com\",\"locationId\":\"us-central\"}"},"runtime":"nodejs12","ingressSettings":"ALLOW_ALL","buildId":"0fcd16a6-1785-4bfa-b649-01ec7db46410"},"versionId":"2","updateTime":"2021-02-26T12:31:06Z","buildId":"0eaf54c1-d451-47fb-a434-dc017135e826","sourceToken":"bcc849f3-0e59-4b66-b94f-d9d65987240f"},"done":true,"response":{"@type":"type.googleapis.com/google.cloud.functions.v1.CloudFunction","name":"projects/fir-d374a/locations/us-central1/functions/api","httpsTrigger":{"url":"https://us-central1-fir-d374a.cloudfunctions.net/api","securityLevel":"SECURE_OPTIONAL"},"status":"ACTIVE","entryPoint":"api","timeout":"60s","availableMemoryMb":256,"serviceAccountEmail":"fir-d374a@appspot.gserviceaccount.com","updateTime":"2021-02-26T12:31:05.993Z","versionId":"2","labels":{"deployment-tool":"cli-firebase"},"sourceUploadUrl":"https://storage.googleapis.com/gcf-upload-us-central1-de8829f5-0c05-43c9-88e9-f83fca8a1d40/fb8b4118-bf49-4199-904c-d995555c2c9a.zip?GoogleAccessId=service-500155665736@gcf-admin-robot.iam.gserviceaccount.com&Expires=1614344397&Signature=iB9kFta5%2BmblgmcL%2FSWBMpP16qTQ3hlw%2BPK2bhyi5lpyfPKjUYF%2BVYuLdZZ%2FdeQJ03eNbOzvUz6cUh0nd6rXXJrftoteNaWIde9wPl5OUEmfqV5cis08j7SUZjHFlAQZ%2FmKlhb4s2JE26DTOZ3OrVKWL3gKT7ULxJrgcO6TNsMsiAUPIPIDT47cDAcFdPj1bKQ3T3fPlohN%2FCSIXJ5gCNsCx1lvL8CCRS6d0EZJcPgc6jspXPPZPOAoavBfZYao7aEnZkp9U6lbIOd%2BLZOwO13h%2FqhUuUtMnKfVN0U6V3wtLTBi6CNa2iZd14opnXhoBECZBND6mrx1Q%2Bv087G%2BztQ%3D%3D","environmentVariables":{"FIREBASE_CONFIG":"{\"projectId\":\"fir-d374a\",\"storageBucket\":\"fir-d374a.appspot.com\",\"locationId\":\"us-central\"}"},"runtime":"nodejs12","ingressSettings":"ALLOW_ALL","buildId":"0eaf54c1-d451-47fb-a434-dc017135e826"}}
[debug] [2021-02-26T12:31:13.632Z] Got sourceToken bcc849f3-0e59-4b66-b94f-d9d65987240f for region us-central1
[info] +  functions[api(us-central1)]: Successful update operation.  
[debug] [2021-02-26T12:31:13.735Z] Total Function Deployment time: 74106
[debug] [2021-02-26T12:31:13.736Z] 1 Functions Deployed
[debug] [2021-02-26T12:31:13.737Z] 0 Functions Errored
[debug] [2021-02-26T12:31:13.737Z] Average Function Deployment time: 74106
[debug] [2021-02-26T12:31:13.741Z] > refreshing access token with scopes: ["email","https://www.googleapis.com/auth/cloud-platform","https://www.googleapis.com/auth/cloudplatformprojects.readonly","https://www.googleapis.com/auth/firebase","openid"]
[debug] [2021-02-26T12:31:13.776Z] >>> HTTP REQUEST POST https://www.googleapis.com/oauth2/v3/token  
 <request body omitted>
[debug] [2021-02-26T12:31:14.742Z] <<< HTTP RESPONSE 200 {"expires":"Mon, 01 Jan 1990 00:00:00 GMT","date":"Fri, 26 Feb 2021 12:31:14 GMT","cache-control":"no-cache, no-store, max-age=0, must-revalidate","pragma":"no-cache","content-type":"application/json; charset=utf-8","vary":"X-Origin, Referer, Origin,Accept-Encoding","server":"scaffolding on HTTPServer2","x-xss-protection":"0","x-frame-options":"SAMEORIGIN","x-content-type-options":"nosniff","alt-svc":"h3-29=\":443\"; ma=2592000,h3-T051=\":443\"; ma=2592000,h3-Q050=\":443\"; ma=2592000,h3-Q046=\":443\"; ma=2592000,h3-Q043=\":443\"; ma=2592000,quic=\":443\"; ma=2592000; v=\"46,43\"","accept-ranges":"none","transfer-encoding":"chunked"}
[debug] [2021-02-26T12:31:14.757Z] >>> HTTP REQUEST GET https://cloudfunctions.googleapis.com/v1/projects/fir-d374a/locations/-/functions  
 
[debug] [2021-02-26T12:31:24.213Z] <<< HTTP RESPONSE 200 {"content-type":"application/json; charset=UTF-8","vary":"X-Origin, Referer, Origin,Accept-Encoding","date":"Fri, 26 Feb 2021 12:31:16 GMT","server":"ESF","cache-control":"private","x-xss-protection":"0","x-frame-options":"SAMEORIGIN","x-content-type-options":"nosniff","alt-svc":"h3-29=\":443\"; ma=2592000,h3-T051=\":443\"; ma=2592000,h3-Q050=\":443\"; ma=2592000,h3-Q046=\":443\"; ma=2592000,h3-Q043=\":443\"; ma=2592000,quic=\":443\"; ma=2592000; v=\"46,43\"","accept-ranges":"none","transfer-encoding":"chunked"}
[info] Function URL (api): https://us-central1-fir-d374a.cloudfunctions.net/api
[info] 
[info] +  Deploy complete! 
[info] 
[info] Project Console: https://console.firebase.google.com/project/fir-d374a/overview
